INFO  Start processing
INFO  Hexo is running at http://localhost:4000/. Press Ctrl+C to stop.
INFO  Start processing
INFO  Hexo is running at http://localhost:4000/. Press Ctrl+C to stop.
INFO  Start processing
INFO  Hexo is running at http://localhost:4000/. Press Ctrl+C to stop.
INFO  Start processing
INFO  Hexo is running at http://localhost:4000/. Press Ctrl+C to stop.
INFO  Farewell
INFO  Start processing
INFO  Hexo is running at http://localhost:4000/. Press Ctrl+C to stop.
ERROR Process failed: _posts/sqlmap使用心得.md
YAMLException: can not read a block mapping entry; a multiline key may not be an implicit key at line 4, column 1:
    
    ^
    at generateError (/alidata/www/default/hexo-next-blog/node_modules/js-yaml/lib/js-yaml/loader.js:162:10)
    at throwError (/alidata/www/default/hexo-next-blog/node_modules/js-yaml/lib/js-yaml/loader.js:168:9)
    at readBlockMapping (/alidata/www/default/hexo-next-blog/node_modules/js-yaml/lib/js-yaml/loader.js:1041:9)
    at composeNode (/alidata/www/default/hexo-next-blog/node_modules/js-yaml/lib/js-yaml/loader.js:1327:12)
    at readDocument (/alidata/www/default/hexo-next-blog/node_modules/js-yaml/lib/js-yaml/loader.js:1489:3)
    at loadDocuments (/alidata/www/default/hexo-next-blog/node_modules/js-yaml/lib/js-yaml/loader.js:1545:5)
    at Object.load (/alidata/www/default/hexo-next-blog/node_modules/js-yaml/lib/js-yaml/loader.js:1562:19)
    at parseYAML (/alidata/www/default/hexo-next-blog/node_modules/hexo-front-matter/lib/front_matter.js:80:21)
    at parse (/alidata/www/default/hexo-next-blog/node_modules/hexo-front-matter/lib/front_matter.js:56:12)
    at /alidata/www/default/hexo-next-blog/node_modules/hexo/lib/plugins/processor/post.js:52:18
    at tryCatcher (/alidata/www/default/hexo-next-blog/node_modules/bluebird/js/release/util.js:16:23)
    at Promise._settlePromiseFromHandler (/alidata/www/default/hexo-next-blog/node_modules/bluebird/js/release/promise.js:507:35)
    at Promise._settlePromise (/alidata/www/default/hexo-next-blog/node_modules/bluebird/js/release/promise.js:567:18)
    at Promise._settlePromise0 (/alidata/www/default/hexo-next-blog/node_modules/bluebird/js/release/promise.js:612:10)
    at Promise._settlePromises (/alidata/www/default/hexo-next-blog/node_modules/bluebird/js/release/promise.js:691:18)
    at Promise._fulfill (/alidata/www/default/hexo-next-blog/node_modules/bluebird/js/release/promise.js:636:18)
    at PromiseArray._resolve (/alidata/www/default/hexo-next-blog/node_modules/bluebird/js/release/promise_array.js:125:19)
    at PromiseArray._promiseFulfilled (/alidata/www/default/hexo-next-blog/node_modules/bluebird/js/release/promise_array.js:143:14)
    at PromiseArray._iterate (/alidata/www/default/hexo-next-blog/node_modules/bluebird/js/release/promise_array.js:113:31)
    at PromiseArray.init [as _init] (/alidata/www/default/hexo-next-blog/node_modules/bluebird/js/release/promise_array.js:77:10)
    at Promise._settlePromise (/alidata/www/default/hexo-next-blog/node_modules/bluebird/js/release/promise.js:564:21)
    at Promise._settlePromise0 (/alidata/www/default/hexo-next-blog/node_modules/bluebird/js/release/promise.js:612:10)
    at Promise._settlePromises (/alidata/www/default/hexo-next-blog/node_modules/bluebird/js/release/promise.js:691:18)
    at Promise._fulfill (/alidata/www/default/hexo-next-blog/node_modules/bluebird/js/release/promise.js:636:18)
    at PromiseArray._resolve (/alidata/www/default/hexo-next-blog/node_modules/bluebird/js/release/promise_array.js:125:19)
    at PromiseArray._promiseFulfilled (/alidata/www/default/hexo-next-blog/node_modules/bluebird/js/release/promise_array.js:143:14)
    at Promise._settlePromise (/alidata/www/default/hexo-next-blog/node_modules/bluebird/js/release/promise.js:572:26)
ERROR Process failed: layout/_macro/4913
Error: ENOENT: no such file or directory, open '/alidata/www/default/hexo-next-blog/themes/next/layout/_macro/4913'
    at Error (native)
INFO  Start processing
INFO  Hexo is running at http://localhost:4000/. Press Ctrl+C to stop.
INFO  Start processing
INFO  Hexo is running at http://localhost:4000/. Press Ctrl+C to stop.
INFO  Start processing
INFO  Hexo is running at http://localhost:4000/. Press Ctrl+C to stop.
INFO  Start processing
INFO  Hexo is running at http://localhost:4000/. Press Ctrl+C to stop.
FATAL Port 4000 has been used. Try other port instead.
FATAL Something's wrong. Maybe you can find the solution here: http://hexo.io/docs/troubleshooting.html
Error: listen EADDRINUSE 0.0.0.0:4000
    at Object.exports._errnoException (util.js:870:11)
    at exports._exceptionWithHostPort (util.js:893:20)
    at Server._listen2 (net.js:1237:14)
    at listen (net.js:1273:10)
    at net.js:1382:9
    at nextTickCallbackWith3Args (node.js:452:9)
    at process._tickCallback (node.js:358:17)
FATAL listen EADDRINUSE 0.0.0.0:4000
Error: listen EADDRINUSE 0.0.0.0:4000
    at Object.exports._errnoException (util.js:870:11)
    at exports._exceptionWithHostPort (util.js:893:20)
    at Server._listen2 (net.js:1237:14)
    at listen (net.js:1273:10)
    at net.js:1382:9
    at nextTickCallbackWith3Args (node.js:452:9)
    at process._tickCallback (node.js:358:17)
INFO  Start processing
INFO  Hexo is running at http://localhost:4000/. Press Ctrl+C to stop.
INFO  Start processing
INFO  Hexo is running at http://localhost:4000/. Press Ctrl+C to stop.
INFO  Bye!
INFO  Start processing
INFO  Hexo is running at http://localhost:4000/. Press Ctrl+C to stop.
INFO  Start processing
INFO  Hexo is running at http://localhost:4000/. Press Ctrl+C to stop.
INFO  See you again
INFO  Start processing
INFO  Hexo is running at http://localhost:4000/. Press Ctrl+C to stop.
INFO  Start processing
INFO  Hexo is running at http://localhost:4000/. Press Ctrl+C to stop.
INFO  Start processing
INFO  Hexo is running at http://localhost:4000/. Press Ctrl+C to stop.
INFO  Start processing
INFO  Have a nice day
INFO  Hexo is running at http://localhost:4000/. Press Ctrl+C to stop.
INFO  Start processing
INFO  Hexo is running at http://localhost:4000/. Press Ctrl+C to stop.
